<?xml version="1.0" encoding="UTF-8"?>
<testsuite xmlns:xsi="http://www.w3.org/2001/XMLSchema-instance" xsi:noNamespaceSchemaLocation="https://maven.apache.org/surefire/maven-surefire-plugin/xsd/surefire-test-report-3.0.xsd" version="3.0" name="ch.tbz.recipe.planner.mapper.IngredientEntityMapperTest" time="18.383" tests="2" errors="0" skipped="0" failures="0">
  <properties>
[...]
</properties>
  <testcase name="listMapping_works" classname="ch.tbz.recipe.planner.mapper.IngredientEntityMapperTest" time="3.725">
    <system-out><![CDATA[18:55:35.051 [main] INFO org.springframework.test.context.support.AnnotationConfigContextLoaderUtils -- Could not detect default configuration classes for test class [ch.tbz.recipe.planner.mapper.IngredientEntityMapperTest]: IngredientEntityMapperTest does not declare any static, non-private, non-final, nested classes annotated with @Configuration.
18:55:35.359 [main] INFO org.springframework.boot.test.context.SpringBootTestContextBootstrapper -- Found @SpringBootConfiguration ch.tbz.recipe.planner.RecipePlannerApplication for test class ch.tbz.recipe.planner.mapper.IngredientEntityMapperTest

  .   ____          _            __ _ _
 /\\ / ___'_ __ _ _(_)_ __  __ _ \ \ \ \
( ( )\___ | '_ | '_| | '_ \/ _` | \ \ \ \
 \\/  ___)| |_)| | | | | || (_| |  ) ) ) )
  '  |____| .__|_| |_|_| |_\__, | / / / /
 =========|_|==============|___/=/_/_/_/
 :: Spring Boot ::                (v3.2.1)

2026-01-11T18:55:36.718+01:00  INFO 41831 --- [           main] c.t.r.p.m.IngredientEntityMapperTest     : Starting IngredientEntityMapperTest using Java 17.0.17 with PID 41831 (started by tahssin-val in /Users/tahssin-val/Downloads/recipe-planner-fronend-and-backend/recipe-planner-backend)
2026-01-11T18:55:36.721+01:00  INFO 41831 --- [           main] c.t.r.p.m.IngredientEntityMapperTest     : No active profile set, falling back to 1 default profile: "default"
2026-01-11T18:55:39.671+01:00  INFO 41831 --- [           main] .s.d.r.c.RepositoryConfigurationDelegate : Bootstrapping Spring Data JPA repositories in DEFAULT mode.
2026-01-11T18:55:39.814+01:00  INFO 41831 --- [           main] .s.d.r.c.RepositoryConfigurationDelegate : Finished Spring Data repository scanning in 129 ms. Found 1 JPA repository interface.
2026-01-11T18:55:41.179+01:00  INFO 41831 --- [           main] com.zaxxer.hikari.HikariDataSource       : HikariPool-1 - Starting...
2026-01-11T18:55:41.771+01:00  INFO 41831 --- [           main] com.zaxxer.hikari.pool.HikariPool        : HikariPool-1 - Added connection conn0: url=jdbc:h2:mem:mydb user=SA
2026-01-11T18:55:41.778+01:00  INFO 41831 --- [           main] com.zaxxer.hikari.HikariDataSource       : HikariPool-1 - Start completed.
2026-01-11T18:55:42.066+01:00  INFO 41831 --- [           main] o.hibernate.jpa.internal.util.LogHelper  : HHH000204: Processing PersistenceUnitInfo [name: default]
2026-01-11T18:55:42.220+01:00  INFO 41831 --- [           main] org.hibernate.Version                    : HHH000412: Hibernate ORM core version 6.4.1.Final
2026-01-11T18:55:42.299+01:00  INFO 41831 --- [           main] o.h.c.internal.RegionFactoryInitiator    : HHH000026: Second-level cache disabled
2026-01-11T18:55:42.956+01:00  INFO 41831 --- [           main] o.s.o.j.p.SpringPersistenceUnitInfo      : No LoadTimeWeaver setup: ignoring JPA class transformer
2026-01-11T18:55:45.268+01:00  INFO 41831 --- [           main] o.h.e.t.j.p.i.JtaPlatformInitiator       : HHH000489: No JTA platform available (set 'hibernate.transaction.jta.platform' to enable JTA platform integration)
2026-01-11T18:55:45.387+01:00  INFO 41831 --- [           main] j.LocalContainerEntityManagerFactoryBean : Initialized JPA EntityManagerFactory for persistence unit 'default'
2026-01-11T18:55:46.490+01:00  WARN 41831 --- [           main] JpaBaseConfiguration$JpaWebConfiguration : spring.jpa.open-in-view is enabled by default. Therefore, database queries may be performed during view rendering. Explicitly configure spring.jpa.open-in-view to disable this warning
2026-01-11T18:55:47.404+01:00  INFO 41831 --- [           main] o.s.b.a.h2.H2ConsoleAutoConfiguration    : H2 console available at '/h2-console'. Database available at 'jdbc:h2:mem:mydb'
2026-01-11T18:55:47.524+01:00  INFO 41831 --- [           main] c.t.r.p.m.IngredientEntityMapperTest     : Started IngredientEntityMapperTest in 11.854 seconds (process running for 16.183)
2026-01-11T18:55:48.103+01:00  INFO 41831 --- [           main] c.t.r.planner.RecipePlannerApplication   : RecipeEntity(id=324cdf7f-1cae-4dc4-a0ec-049028b3dae4, name=Lasagne al Forno, description=Lorem ipsum dolor sit amet, consectetur adipiscing elit, sed do eiusmod tempor incididunt ut labore et dolore magna aliqua., imageUrl=https://img.taste.com.au/5qlr1PkR/taste/2016/11/spaghetti-bolognese-106560-1.jpeg, ingredients=[IngredientEntity(id=6c2b1289-64d6-4c92-996e-8b1afa9a1ef2, name=Tomato, comment=The big ones, unit=PIECE, amount=5)])
2026-01-11T18:55:48.103+01:00  INFO 41831 --- [           main] c.t.r.planner.RecipePlannerApplication   : RecipeEntity(id=73df1b17-828b-4fea-b68b-084dbfc8883d, name=Spaghetti Bolognese, description=Lorem ipsum dolor sit amet, consectetur adipiscing elit, sed do eiusmod tempor incididunt ut labore et dolore magna aliqua., imageUrl=https://img.taste.com.au/5qlr1PkR/taste/2016/11/spaghetti-bolognese-106560-1.jpeg, ingredients=[IngredientEntity(id=0a395a3d-b593-4098-a5c5-f3825390ca78, name=Tomato, comment=The big ones, unit=PIECE, amount=5)])
2026-01-11T18:55:48.103+01:00  INFO 41831 --- [           main] c.t.r.planner.RecipePlannerApplication   : RecipeEntity(id=52f5cb6a-04a1-4c07-b5f1-7e7582a7fe02, name=Fried Rice, description=Lorem ipsum dolor sit amet, consectetur adipiscing elit, sed do eiusmod tempor incididunt ut labore et dolore magna aliqua., imageUrl=https://img.freepik.com/free-photo/grilled-gourmet-burger-with-cheese-tomato-onion-french-fries-generated-by-artificial-intelligence_25030-63181.jpg, ingredients=[IngredientEntity(id=96fb67ba-5667-48c1-9986-b0d807b58caf, name=Tomato, comment=The big ones, unit=PIECE, amount=5)])
2026-01-11T18:55:48.103+01:00  INFO 41831 --- [           main] c.t.r.planner.RecipePlannerApplication   : RecipeEntity(id=26378e6f-0fe0-4dd5-bbe9-66b5d9a52a0f, name=Spaghetti Bolognese, description=Lorem ipsum dolor sit amet, consectetur adipiscing elit, sed do eiusmod tempor incididunt ut labore et dolore magna aliqua., imageUrl=https://www.deliciousmagazine.co.uk/wp-content/uploads/2020/01/lasagne.jpg, ingredients=[IngredientEntity(id=c9448a5c-52dd-4e3b-b07e-a76ec621b578, name=Tomato, comment=The big ones, unit=PIECE, amount=5)])
2026-01-11T18:55:48.104+01:00  INFO 41831 --- [           main] c.t.r.planner.RecipePlannerApplication   : RecipeEntity(id=21b86de5-ac80-405d-a0ad-e57cdaa1862c, name=Pommes Frites, description=Lorem ipsum dolor sit amet, consectetur adipiscing elit, sed do eiusmod tempor incididunt ut labore et dolore magna aliqua., imageUrl=https://www.kitchensanctuary.com/wp-content/uploads/2020/04/Chicken-Fried-Rice-square-FS-.jpg, ingredients=[IngredientEntity(id=1c375e7d-d428-49f5-81c3-20c2165c208d, name=Tomato, comment=The big ones, unit=PIECE, amount=5)])
2026-01-11T18:55:48.104+01:00  INFO 41831 --- [           main] c.t.r.planner.RecipePlannerApplication   : RecipeEntity(id=4327641c-cf92-4112-bfab-34dc0d70269b, name=Lasagne al Forno, description=Lorem ipsum dolor sit amet, consectetur adipiscing elit, sed do eiusmod tempor incididunt ut labore et dolore magna aliqua., imageUrl=https://img.taste.com.au/5qlr1PkR/taste/2016/11/spaghetti-bolognese-106560-1.jpeg, ingredients=[IngredientEntity(id=0fc46097-bdfc-4829-a550-e810cf285e03, name=Tomato, comment=The big ones, unit=PIECE, amount=5)])
2026-01-11T18:55:48.104+01:00  INFO 41831 --- [           main] c.t.r.planner.RecipePlannerApplication   : RecipeEntity(id=5a960717-2b74-4fab-8075-117050d28c5d, name=Spaghetti Bolognese, description=Lorem ipsum dolor sit amet, consectetur adipiscing elit, sed do eiusmod tempor incididunt ut labore et dolore magna aliqua., imageUrl=https://www.kitchensanctuary.com/wp-content/uploads/2020/04/Chicken-Fried-Rice-square-FS-.jpg, ingredients=[IngredientEntity(id=6f3c6ec7-16f8-46a9-baf3-e6b0e898a218, name=Tomato, comment=The big ones, unit=PIECE, amount=5)])
2026-01-11T18:55:48.106+01:00  INFO 41831 --- [           main] c.t.r.planner.RecipePlannerApplication   : RecipeEntity(id=9c8a9ba6-604d-46a2-96e8-30aa7a7201bb, name=Fried Rice, description=Lorem ipsum dolor sit amet, consectetur adipiscing elit, sed do eiusmod tempor incididunt ut labore et dolore magna aliqua., imageUrl=https://recipeimages.migros.ch/crop/v-w-1200-h-630-a-center_center/ac38873942ada8c8154f0da0a748adf486a304d8/pommes-frites-0-16-9.jpg, ingredients=[IngredientEntity(id=82310ee0-5436-4cf2-984e-bea3e6dd90b5, name=Tomato, comment=The big ones, unit=PIECE, amount=5)])
2026-01-11T18:55:48.106+01:00  INFO 41831 --- [           main] c.t.r.planner.RecipePlannerApplication   : RecipeEntity(id=4ea956bf-896d-4ba8-b908-ad585edf16ef, name=Spaghetti Bolognese, description=Lorem ipsum dolor sit amet, consectetur adipiscing elit, sed do eiusmod tempor incididunt ut labore et dolore magna aliqua., imageUrl=https://img.taste.com.au/5qlr1PkR/taste/2016/11/spaghetti-bolognese-106560-1.jpeg, ingredients=[IngredientEntity(id=bc33b09a-b3a9-4b0f-8b3b-e5559b60ee39, name=Tomato, comment=The big ones, unit=PIECE, amount=5)])
2026-01-11T18:55:48.106+01:00  INFO 41831 --- [           main] c.t.r.planner.RecipePlannerApplication   : RecipeEntity(id=74664998-69c6-43e6-be8c-1d8dbcb6c856, name=Pommes Frites, description=Lorem ipsum dolor sit amet, consectetur adipiscing elit, sed do eiusmod tempor incididunt ut labore et dolore magna aliqua., imageUrl=https://img.taste.com.au/5qlr1PkR/taste/2016/11/spaghetti-bolognese-106560-1.jpeg, ingredients=[IngredientEntity(id=505d68e3-ca8f-4b63-9d79-b554bbfa68ff, name=Tomato, comment=The big ones, unit=PIECE, amount=5)])
2026-01-11T18:55:48.106+01:00  INFO 41831 --- [           main] c.t.r.planner.RecipePlannerApplication   : RecipeEntity(id=7fe25628-2817-4efc-ae5b-3ab9bcf4a2cd, name=Lasagne al Forno, description=Lorem ipsum dolor sit amet, consectetur adipiscing elit, sed do eiusmod tempor incididunt ut labore et dolore magna aliqua., imageUrl=https://img.freepik.com/free-photo/grilled-gourmet-burger-with-cheese-tomato-onion-french-fries-generated-by-artificial-intelligence_25030-63181.jpg, ingredients=[IngredientEntity(id=4993490e-3236-4995-8f17-bb2302c2bbd5, name=Tomato, comment=The big ones, unit=PIECE, amount=5)])
2026-01-11T18:55:48.106+01:00  INFO 41831 --- [           main] c.t.r.planner.RecipePlannerApplication   : RecipeEntity(id=c58b5bba-58d8-4d85-96ec-b0d8741c4080, name=Spaghetti Bolognese, description=Lorem ipsum dolor sit amet, consectetur adipiscing elit, sed do eiusmod tempor incididunt ut labore et dolore magna aliqua., imageUrl=https://www.kitchensanctuary.com/wp-content/uploads/2020/04/Chicken-Fried-Rice-square-FS-.jpg, ingredients=[IngredientEntity(id=8f2abbfd-cb97-4a75-9aa7-0559b21b20e5, name=Tomato, comment=The big ones, unit=PIECE, amount=5)])
2026-01-11T18:55:48.106+01:00  INFO 41831 --- [           main] c.t.r.planner.RecipePlannerApplication   : RecipeEntity(id=bb14ec45-47ae-4b86-89fc-0b1d5c9fa877, name=Fried Rice, description=Lorem ipsum dolor sit amet, consectetur adipiscing elit, sed do eiusmod tempor incididunt ut labore et dolore magna aliqua., imageUrl=https://www.deliciousmagazine.co.uk/wp-content/uploads/2020/01/lasagne.jpg, ingredients=[IngredientEntity(id=11106840-5aeb-4e55-bd18-eb9c9f91060e, name=Tomato, comment=The big ones, unit=PIECE, amount=5)])
2026-01-11T18:55:48.107+01:00  INFO 41831 --- [           main] c.t.r.planner.RecipePlannerApplication   : RecipeEntity(id=6b2a44e4-c48c-4193-9221-0da5023fb6cf, name=Spaghetti Bolognese, description=Lorem ipsum dolor sit amet, consectetur adipiscing elit, sed do eiusmod tempor incididunt ut labore et dolore magna aliqua., imageUrl=https://www.deliciousmagazine.co.uk/wp-content/uploads/2020/01/lasagne.jpg, ingredients=[IngredientEntity(id=a82fca8b-8c03-4d12-9873-f3f7b31af324, name=Tomato, comment=The big ones, unit=PIECE, amount=5)])
2026-01-11T18:55:48.107+01:00  INFO 41831 --- [           main] c.t.r.planner.RecipePlannerApplication   : RecipeEntity(id=28a5094a-f19a-47f5-a2d8-1f8764793ec6, name=Pommes Frites, description=Lorem ipsum dolor sit amet, consectetur adipiscing elit, sed do eiusmod tempor incididunt ut labore et dolore magna aliqua., imageUrl=https://img.freepik.com/free-photo/grilled-gourmet-burger-with-cheese-tomato-onion-french-fries-generated-by-artificial-intelligence_25030-63181.jpg, ingredients=[IngredientEntity(id=df4bf9dc-0c50-4aed-9e98-b6e6b298816c, name=Tomato, comment=The big ones, unit=PIECE, amount=5)])
]]></system-out>
  </testcase>
  <testcase name="entityToDomain_mapsFields" classname="ch.tbz.recipe.planner.mapper.IngredientEntityMapperTest" time="0.758"/>
</testsuite>