<?xml version="1.0" encoding="UTF-8"?>
<testsuite xmlns:xsi="http://www.w3.org/2001/XMLSchema-instance" xsi:noNamespaceSchemaLocation="https://maven.apache.org/surefire/maven-surefire-plugin/xsd/surefire-test-report-3.0.xsd" version="3.0" name="ch.tbz.recipe.planner.mapper.IngredientEntityMapperTest" time="21.488" tests="2" errors="0" skipped="0" failures="0">
  <properties>
[...]
</properties>
  <testcase name="listMapping_works" classname="ch.tbz.recipe.planner.mapper.IngredientEntityMapperTest" time="4.117">
    <system-out><![CDATA[09:35:37.933 [main] INFO org.springframework.test.context.support.AnnotationConfigContextLoaderUtils -- Could not detect default configuration classes for test class [ch.tbz.recipe.planner.mapper.IngredientEntityMapperTest]: IngredientEntityMapperTest does not declare any static, non-private, non-final, nested classes annotated with @Configuration.
09:35:38.370 [main] INFO org.springframework.boot.test.context.SpringBootTestContextBootstrapper -- Found @SpringBootConfiguration ch.tbz.recipe.planner.RecipePlannerApplication for test class ch.tbz.recipe.planner.mapper.IngredientEntityMapperTest

  .   ____          _            __ _ _
 /\\ / ___'_ __ _ _(_)_ __  __ _ \ \ \ \
( ( )\___ | '_ | '_| | '_ \/ _` | \ \ \ \
 \\/  ___)| |_)| | | | | || (_| |  ) ) ) )
  '  |____| .__|_| |_|_| |_\__, | / / / /
 =========|_|==============|___/=/_/_/_/
 :: Spring Boot ::                (v3.2.1)

2026-01-12T09:35:40.400+01:00  INFO 87563 --- [           main] c.t.r.p.m.IngredientEntityMapperTest     : Starting IngredientEntityMapperTest using Java 17.0.17 with PID 87563 (started by tahssin-val in /Users/tahssin-val/Downloads/recipe-planner-fronend-and-backend/recipe-planner-backend)
2026-01-12T09:35:40.404+01:00  INFO 87563 --- [           main] c.t.r.p.m.IngredientEntityMapperTest     : No active profile set, falling back to 1 default profile: "default"
2026-01-12T09:35:43.929+01:00  INFO 87563 --- [           main] .s.d.r.c.RepositoryConfigurationDelegate : Bootstrapping Spring Data JPA repositories in DEFAULT mode.
2026-01-12T09:35:44.086+01:00  INFO 87563 --- [           main] .s.d.r.c.RepositoryConfigurationDelegate : Finished Spring Data repository scanning in 139 ms. Found 1 JPA repository interface.
2026-01-12T09:35:45.835+01:00  INFO 87563 --- [           main] com.zaxxer.hikari.HikariDataSource       : HikariPool-1 - Starting...
2026-01-12T09:35:46.480+01:00  INFO 87563 --- [           main] com.zaxxer.hikari.pool.HikariPool        : HikariPool-1 - Added connection conn0: url=jdbc:h2:mem:mydb user=SA
2026-01-12T09:35:46.488+01:00  INFO 87563 --- [           main] com.zaxxer.hikari.HikariDataSource       : HikariPool-1 - Start completed.
2026-01-12T09:35:46.805+01:00  INFO 87563 --- [           main] o.hibernate.jpa.internal.util.LogHelper  : HHH000204: Processing PersistenceUnitInfo [name: default]
2026-01-12T09:35:47.020+01:00  INFO 87563 --- [           main] org.hibernate.Version                    : HHH000412: Hibernate ORM core version 6.4.1.Final
2026-01-12T09:35:47.222+01:00  INFO 87563 --- [           main] o.h.c.internal.RegionFactoryInitiator    : HHH000026: Second-level cache disabled
2026-01-12T09:35:47.873+01:00  INFO 87563 --- [           main] o.s.o.j.p.SpringPersistenceUnitInfo      : No LoadTimeWeaver setup: ignoring JPA class transformer
2026-01-12T09:35:50.346+01:00  INFO 87563 --- [           main] o.h.e.t.j.p.i.JtaPlatformInitiator       : HHH000489: No JTA platform available (set 'hibernate.transaction.jta.platform' to enable JTA platform integration)
2026-01-12T09:35:50.448+01:00  INFO 87563 --- [           main] j.LocalContainerEntityManagerFactoryBean : Initialized JPA EntityManagerFactory for persistence unit 'default'
2026-01-12T09:35:51.753+01:00  WARN 87563 --- [           main] JpaBaseConfiguration$JpaWebConfiguration : spring.jpa.open-in-view is enabled by default. Therefore, database queries may be performed during view rendering. Explicitly configure spring.jpa.open-in-view to disable this warning
2026-01-12T09:35:52.493+01:00  INFO 87563 --- [           main] o.s.b.a.h2.H2ConsoleAutoConfiguration    : H2 console available at '/h2-console'. Database available at 'jdbc:h2:mem:mydb'
2026-01-12T09:35:52.606+01:00  INFO 87563 --- [           main] c.t.r.p.m.IngredientEntityMapperTest     : Started IngredientEntityMapperTest in 13.823 seconds (process running for 18.51)
2026-01-12T09:35:53.221+01:00  INFO 87563 --- [           main] c.t.r.planner.RecipePlannerApplication   : RecipeEntity(id=7150d3f6-5774-4159-939c-ec09112782b2, name=Lasagne al Forno, description=Lorem ipsum dolor sit amet, consectetur adipiscing elit, sed do eiusmod tempor incididunt ut labore et dolore magna aliqua., imageUrl=https://www.kitchensanctuary.com/wp-content/uploads/2020/04/Chicken-Fried-Rice-square-FS-.jpg, ingredients=[IngredientEntity(id=f94ef749-8627-481a-a0c2-431d391b5d94, name=Tomato, comment=The big ones, unit=PIECE, amount=5)])
2026-01-12T09:35:53.221+01:00  INFO 87563 --- [           main] c.t.r.planner.RecipePlannerApplication   : RecipeEntity(id=fa44976c-1067-4648-91d9-594e3d439ec9, name=Spaghetti Bolognese, description=Lorem ipsum dolor sit amet, consectetur adipiscing elit, sed do eiusmod tempor incididunt ut labore et dolore magna aliqua., imageUrl=https://img.freepik.com/free-photo/grilled-gourmet-burger-with-cheese-tomato-onion-french-fries-generated-by-artificial-intelligence_25030-63181.jpg, ingredients=[IngredientEntity(id=f025fdd9-2b20-4e57-b24b-2602b98cad7c, name=Tomato, comment=The big ones, unit=PIECE, amount=5)])
2026-01-12T09:35:53.222+01:00  INFO 87563 --- [           main] c.t.r.planner.RecipePlannerApplication   : RecipeEntity(id=ead481b5-97a2-433c-911e-4bade066b5f5, name=Fried Rice, description=Lorem ipsum dolor sit amet, consectetur adipiscing elit, sed do eiusmod tempor incididunt ut labore et dolore magna aliqua., imageUrl=https://www.deliciousmagazine.co.uk/wp-content/uploads/2020/01/lasagne.jpg, ingredients=[IngredientEntity(id=51c72464-a0c8-4a0b-9d50-bfd571c9fa90, name=Tomato, comment=The big ones, unit=PIECE, amount=5)])
2026-01-12T09:35:53.222+01:00  INFO 87563 --- [           main] c.t.r.planner.RecipePlannerApplication   : RecipeEntity(id=84a64e3e-a630-4b1a-a4ed-4b11459f21d6, name=Spaghetti Bolognese, description=Lorem ipsum dolor sit amet, consectetur adipiscing elit, sed do eiusmod tempor incididunt ut labore et dolore magna aliqua., imageUrl=https://recipeimages.migros.ch/crop/v-w-1200-h-630-a-center_center/ac38873942ada8c8154f0da0a748adf486a304d8/pommes-frites-0-16-9.jpg, ingredients=[IngredientEntity(id=4a6fae91-7762-411d-be4d-13e107d3136a, name=Tomato, comment=The big ones, unit=PIECE, amount=5)])
2026-01-12T09:35:53.222+01:00  INFO 87563 --- [           main] c.t.r.planner.RecipePlannerApplication   : RecipeEntity(id=8b99c665-848b-4b11-9613-c3394a5fc36e, name=Pommes Frites, description=Lorem ipsum dolor sit amet, consectetur adipiscing elit, sed do eiusmod tempor incididunt ut labore et dolore magna aliqua., imageUrl=https://www.kitchensanctuary.com/wp-content/uploads/2020/04/Chicken-Fried-Rice-square-FS-.jpg, ingredients=[IngredientEntity(id=057cdce9-cccb-44c3-bc7e-b0af1fd2acc2, name=Tomato, comment=The big ones, unit=PIECE, amount=5)])
2026-01-12T09:35:53.222+01:00  INFO 87563 --- [           main] c.t.r.planner.RecipePlannerApplication   : RecipeEntity(id=2e677acc-45f4-44da-abaa-5198729f71b9, name=Lasagne al Forno, description=Lorem ipsum dolor sit amet, consectetur adipiscing elit, sed do eiusmod tempor incididunt ut labore et dolore magna aliqua., imageUrl=https://www.deliciousmagazine.co.uk/wp-content/uploads/2020/01/lasagne.jpg, ingredients=[IngredientEntity(id=372739bb-8fe3-40ca-83c1-42be9429f92f, name=Tomato, comment=The big ones, unit=PIECE, amount=5)])
2026-01-12T09:35:53.222+01:00  INFO 87563 --- [           main] c.t.r.planner.RecipePlannerApplication   : RecipeEntity(id=77285481-b45c-4f06-aa53-26c2b9fadf14, name=Spaghetti Bolognese, description=Lorem ipsum dolor sit amet, consectetur adipiscing elit, sed do eiusmod tempor incididunt ut labore et dolore magna aliqua., imageUrl=https://img.freepik.com/free-photo/grilled-gourmet-burger-with-cheese-tomato-onion-french-fries-generated-by-artificial-intelligence_25030-63181.jpg, ingredients=[IngredientEntity(id=f98e2c83-6ebe-44a8-8c78-797acec123a2, name=Tomato, comment=The big ones, unit=PIECE, amount=5)])
2026-01-12T09:35:53.222+01:00  INFO 87563 --- [           main] c.t.r.planner.RecipePlannerApplication   : RecipeEntity(id=25b19520-80e2-4ad2-aa5a-bfff6b5ed489, name=Fried Rice, description=Lorem ipsum dolor sit amet, consectetur adipiscing elit, sed do eiusmod tempor incididunt ut labore et dolore magna aliqua., imageUrl=https://img.taste.com.au/5qlr1PkR/taste/2016/11/spaghetti-bolognese-106560-1.jpeg, ingredients=[IngredientEntity(id=c29d0e6f-16c6-4f21-a298-887f5abd07de, name=Tomato, comment=The big ones, unit=PIECE, amount=5)])
2026-01-12T09:35:53.225+01:00  INFO 87563 --- [           main] c.t.r.planner.RecipePlannerApplication   : RecipeEntity(id=c881389c-7d7d-4a5f-9e8f-591b5e4802a6, name=Spaghetti Bolognese, description=Lorem ipsum dolor sit amet, consectetur adipiscing elit, sed do eiusmod tempor incididunt ut labore et dolore magna aliqua., imageUrl=https://www.deliciousmagazine.co.uk/wp-content/uploads/2020/01/lasagne.jpg, ingredients=[IngredientEntity(id=4f833d6f-eb68-411e-84ac-95c2a18bbe8b, name=Tomato, comment=The big ones, unit=PIECE, amount=5)])
2026-01-12T09:35:53.225+01:00  INFO 87563 --- [           main] c.t.r.planner.RecipePlannerApplication   : RecipeEntity(id=567193d2-aa55-41c1-9d09-4780793e4578, name=Pommes Frites, description=Lorem ipsum dolor sit amet, consectetur adipiscing elit, sed do eiusmod tempor incididunt ut labore et dolore magna aliqua., imageUrl=https://www.kitchensanctuary.com/wp-content/uploads/2020/04/Chicken-Fried-Rice-square-FS-.jpg, ingredients=[IngredientEntity(id=f7b1d203-0b38-44da-9b9b-9f4819f7bf8b, name=Tomato, comment=The big ones, unit=PIECE, amount=5)])
2026-01-12T09:35:53.225+01:00  INFO 87563 --- [           main] c.t.r.planner.RecipePlannerApplication   : RecipeEntity(id=9112f42c-cd0b-441a-986a-2b3dfb91da50, name=Lasagne al Forno, description=Lorem ipsum dolor sit amet, consectetur adipiscing elit, sed do eiusmod tempor incididunt ut labore et dolore magna aliqua., imageUrl=https://recipeimages.migros.ch/crop/v-w-1200-h-630-a-center_center/ac38873942ada8c8154f0da0a748adf486a304d8/pommes-frites-0-16-9.jpg, ingredients=[IngredientEntity(id=255fd5df-c10d-4c67-b075-e17878fa8c6e, name=Tomato, comment=The big ones, unit=PIECE, amount=5)])
2026-01-12T09:35:53.225+01:00  INFO 87563 --- [           main] c.t.r.planner.RecipePlannerApplication   : RecipeEntity(id=40404a2d-7b11-483f-8b9e-5cf18efa9fc1, name=Spaghetti Bolognese, description=Lorem ipsum dolor sit amet, consectetur adipiscing elit, sed do eiusmod tempor incididunt ut labore et dolore magna aliqua., imageUrl=https://img.freepik.com/free-photo/grilled-gourmet-burger-with-cheese-tomato-onion-french-fries-generated-by-artificial-intelligence_25030-63181.jpg, ingredients=[IngredientEntity(id=a8ffcaad-8c45-4fd8-8304-5357f1adcda0, name=Tomato, comment=The big ones, unit=PIECE, amount=5)])
2026-01-12T09:35:53.225+01:00  INFO 87563 --- [           main] c.t.r.planner.RecipePlannerApplication   : RecipeEntity(id=0de8c81e-7802-4048-a2ec-c3d194dbc865, name=Fried Rice, description=Lorem ipsum dolor sit amet, consectetur adipiscing elit, sed do eiusmod tempor incididunt ut labore et dolore magna aliqua., imageUrl=https://www.deliciousmagazine.co.uk/wp-content/uploads/2020/01/lasagne.jpg, ingredients=[IngredientEntity(id=d8afd09c-6f78-40c0-a55a-a6b0d9aeaf9d, name=Tomato, comment=The big ones, unit=PIECE, amount=5)])
2026-01-12T09:35:53.226+01:00  INFO 87563 --- [           main] c.t.r.planner.RecipePlannerApplication   : RecipeEntity(id=ba44c257-6ec9-45f5-9ca5-c50804c44c50, name=Spaghetti Bolognese, description=Lorem ipsum dolor sit amet, consectetur adipiscing elit, sed do eiusmod tempor incididunt ut labore et dolore magna aliqua., imageUrl=https://img.taste.com.au/5qlr1PkR/taste/2016/11/spaghetti-bolognese-106560-1.jpeg, ingredients=[IngredientEntity(id=43c76d70-dbe6-4d93-8db7-5a05b7e1cd08, name=Tomato, comment=The big ones, unit=PIECE, amount=5)])
2026-01-12T09:35:53.226+01:00  INFO 87563 --- [           main] c.t.r.planner.RecipePlannerApplication   : RecipeEntity(id=3192d5dc-8078-4cad-8e6e-d0eacc3487e2, name=Pommes Frites, description=Lorem ipsum dolor sit amet, consectetur adipiscing elit, sed do eiusmod tempor incididunt ut labore et dolore magna aliqua., imageUrl=https://www.deliciousmagazine.co.uk/wp-content/uploads/2020/01/lasagne.jpg, ingredients=[IngredientEntity(id=1627402e-06b2-477b-997c-5004ba4b1d1a, name=Tomato, comment=The big ones, unit=PIECE, amount=5)])
]]></system-out>
  </testcase>
  <testcase name="entityToDomain_mapsFields" classname="ch.tbz.recipe.planner.mapper.IngredientEntityMapperTest" time="1.053"/>
</testsuite>